16/01/2024 09:09:55 ERROR: Json deserializer error. (The JSON value could not be converted to System.Boolean. Path: $.SaveWeights | LineNumber: 3 | BytePositionInLine: 18.)
16/01/2024 09:12:03 ERROR: Json deserializer error. (The JSON value could not be converted to System.Boolean. Path: $.SaveWeights | LineNumber: 3 | BytePositionInLine: 18.)
16/01/2024 09:13:20 ERROR: Invalid neural networks. actor neural network not valid, check syntax; critic neural network not valid, check syntax
16/01/2024 09:14:03 ERROR: Invalid neural networks. actor last dense layer should output 4, currently outputs 2222; critic last dense layer should output 1, currently outputs 10
16/01/2024 10:30:06 ERROR: Exception occurred while setting the values of the hyperparameters during deserialization: (System.Exception: Invalid game speed, should be in range 0<x<10 (-2)
   at NEA.Walker.PPO.Hyperparameters.ValidateHyperparameterValues(SerializableHyperparameters hyperparameters) in /Users/square/Projects/NEA/Walker/PPO/Hyperparameters.cs:line 192
   at NEA.Walker.PPO.Hyperparameters.DeserializeJson(String fileLocation) in /Users/square/Projects/NEA/Walker/PPO/Hyperparameters.cs:line 153)
16/01/2024 10:32:38 ERROR: Exception occurred while setting the values of the hyperparameters during deserialization: (Invalid game speed, should be in range 0<x<10 (-2))
16/01/2024 10:39:14 ERROR: Exception occurred while setting the values of the hyperparameters during deserialization: (Invalid game speed, should be in range 0<x<10 (-2))
16/01/2024 10:40:35 ERROR: Exception occurred while setting the values of the hyperparameters during deserialization: (Invalid game speed, should be in range 0<x<10 (-2))
16/01/2024 10:40:40 ERROR: Exception occurred while setting the values of the hyperparameters during deserialization: (Invalid game speed, should be in range 0<x<10 (-2))
16/01/2024 10:42:33 ERROR: Exception occurred while setting the values of the hyperparameters during deserialization: (Invalid game speed, should be in range 0<x<10 (-2))
16/01/2024 10:43:34 ERROR: Exception occurred while setting the values of the hyperparameters during deserialization: (Invalid game speed, should be in range 0<x<10 (-2))
16/01/2024 10:43:38 ERROR: Exception occurred while setting the values of the hyperparameters during deserialization: (Invalid game speed, should be in range 0<x<10 (-2))
16/01/2024 10:43:41 ERROR: Exception occurred while setting the values of the hyperparameters during deserialization: (Invalid game speed, should be in range 0<x<10 (-2))
16/01/2024 10:44:10 ERROR: Exception occurred while setting the values of the hyperparameters during deserialization: (Invalid game speed, should be in range 0<x<10 (-2))
16/01/2024 10:45:14 ERROR: Exception occurred while setting the values of the hyperparameters during deserialization: (Invalid game speed, should be in range 0<x<10 (-2))
16/01/2024 10:45:18 ERROR: Exception occurred while setting the values of the hyperparameters during deserialization: (Invalid game speed, should be in range 0<x<10 (-2))
16/01/2024 10:45:20 ERROR: Exception occurred while setting the values of the hyperparameters during deserialization: (Invalid game speed, should be in range 0<x<10 (-2))
16/01/2024 13:03:59 ERROR: Exception occurred while setting the values of the hyperparameters during deserialization: (Invalid game speed, should be in range 0<x<10 (-2))
16/01/2024 13:04:01 ERROR: Exception occurred while setting the values of the hyperparameters during deserialization: (Invalid game speed, should be in range 0<x<10 (-2))
16/01/2024 13:04:10 ERROR: Exception occurred while setting the values of the hyperparameters during deserialization: (Invalid game speed, should be in range 0<x<10 (-2))
16/01/2024 13:20:07 ERROR: Exception occurred while setting the values of the hyperparameters during deserialization: (Invalid game speed, should be in range 0<x<10 (-2))
16/01/2024 13:20:10 ERROR: Exception occurred while setting the values of the hyperparameters during deserialization: (Invalid game speed, should be in range 0<x<10 (-2))
16/01/2024 13:20:12 ERROR: Json deserializer error. (The JSON value could not be converted to System.Boolean. Path: $.SaveWeights | LineNumber: 3 | BytePositionInLine: 18.)
16/01/2024 13:20:13 ERROR: Exception occurred while setting the values of the hyperparameters during deserialization: (Invalid game speed, should be in range 0<x<10 (-2))
16/01/2024 13:28:59 ERROR: JSON deserializer error. (The JSON value could not be converted to System.Boolean. Path: $.SaveWeights | LineNumber: 3 | BytePositionInLine: 18.)
16/01/2024 13:31:26 ERROR: Exception occurred while setting the values of the hyperparameters during deserialization: (Invalid game speed, should be in range 0<x<10 (-2))
